Build started 10/2/2021 1:13:34 AM.
Logging verbosity is set to: Normal.     1>Project "C:\Users\edwar\OneDrive\Documents\GitHub\anassbenayed\Tetrino\TetgenWrapper\TetgenWrapper.vcxproj" on node 2 (Build target(s)).
     1>InitializeBuildStatus:
         Touching "C:\Users\edwar\OneDrive\Documents\GitHub\anassbenayed\Tetrino\intermediate\TetgenWrapper.tlog\unsuccessfulbuild".
       ClCompile:
         All outputs are up-to-date.
       Link:
         C:\Program Files (x86)\Microsoft Visual Studio\2019\Community\VC\Tools\MSVC\14.28.29333\bin\HostX86\x64\link.exe /ERRORREPORT:PROMPT /OUT:"C:\Users\edwar\OneDrive\Documents\GitHub\anassbenayed\Tetrino\bin\TetgenWrapper.dll" /NOLOGO /LIBPATH:"C:\lib\cpp\tetgen1.5.1-beta1\build\Release" tet.lib kernel32.lib user32.lib gdi32.lib winspool.lib comdlg32.lib advapi32.lib shell32.lib ole32.lib oleaut32.lib uuid.lib odbc32.lib odbccp32.lib /MANIFEST /MANIFESTUAC:"level='asInvoker' uiAccess='false'" /manifest:embed /DEBUG:FULL /PDB:"C:\Users\edwar\OneDrive\Documents\GitHub\anassbenayed\Tetrino\bin\TetgenWrapper.pdb" /OPT:REF /OPT:ICF /LTCG:incremental /TLBID:1 /DYNAMICBASE /NXCOMPAT /IMPLIB:"C:\Users\edwar\OneDrive\Documents\GitHub\anassbenayed\Tetrino\bin\TetgenWrapper.lib" /MACHINE:X64 /DLL C:\Users\edwar\OneDrive\Documents\GitHub\anassbenayed\Tetrino\intermediate\Wrapper.obj
            Creating library C:\Users\edwar\OneDrive\Documents\GitHub\anassbenayed\Tetrino\bin\TetgenWrapper.lib and object C:\Users\edwar\OneDrive\Documents\GitHub\anassbenayed\Tetrino\bin\TetgenWrapper.exp
         Generating code
         Previous IPDB not found, fall back to full compilation.
         All 27 functions were compiled because no usable IPDB/IOBJ from previous compilation was found.
         Finished generating code
         TetgenWrapper.vcxproj -> C:\Users\edwar\OneDrive\Documents\GitHub\anassbenayed\Tetrino\bin\TetgenWrapper.dll
       FinalizeBuildStatus:
         Deleting file "C:\Users\edwar\OneDrive\Documents\GitHub\anassbenayed\Tetrino\intermediate\TetgenWrapper.tlog\unsuccessfulbuild".
         Touching "C:\Users\edwar\OneDrive\Documents\GitHub\anassbenayed\Tetrino\intermediate\TetgenWrapper.tlog\TetgenWrapper.lastbuildstate".
     1>Done Building Project "C:\Users\edwar\OneDrive\Documents\GitHub\anassbenayed\Tetrino\TetgenWrapper\TetgenWrapper.vcxproj" (Build target(s)).

Build succeeded.
    0 Warning(s)
    0 Error(s)

Time Elapsed 00:00:00.68
